\BOOKMARK [0][-]{section*.2}{Abstract}{}% 1
\BOOKMARK [0][-]{section*.3}{Acknowledgements}{}% 2
\BOOKMARK [0][-]{chapter.14}{Resumen}{}% 3
\BOOKMARK [0][-]{chapter.15}{Introducción Teórica}{}% 4
\BOOKMARK [1][-]{section.16}{BCGs\040en\040el\040Universo\040Local}{chapter.15}% 5
\BOOKMARK [2][-]{subsection.17}{Luminosidad}{section.16}% 6
\BOOKMARK [2][-]{subsection.18}{Morfología}{section.16}% 7
\BOOKMARK [2][-]{subsection.19}{Estructura}{section.16}% 8
\BOOKMARK [1][-]{section.21}{Historia de Formaciíon}{chapter.15}% 9
\BOOKMARK [0][-]{chapter.22}{Herramientas utilizadas y Métodos}{}% 10
\BOOKMARK [1][-]{section.23}{Los Cúmulos Simulados y las Muestras}{chapter.22}% 11
\BOOKMARK [1][-]{section.25}{Identificación de las BCGs}{chapter.22}% 12
\BOOKMARK [1][-]{section.26}{Medición de la masa de las BCGs}{chapter.22}% 13
\BOOKMARK [1][-]{section.27}{Perfiles\040de\040brillo}{chapter.22}% 14
\BOOKMARK [2][-]{subsection.28}{Relación de Kormendy}{section.27}% 15
\BOOKMARK [2][-]{subsection.29}{Parámetros estructurales vs. MasaBCG}{section.27}% 16
\BOOKMARK [1][-]{section.30}{Grasil\0403D....\040}{chapter.22}% 17
\BOOKMARK [0][-]{chapter.31}{Resultados}{}% 18
\BOOKMARK [1][-]{section.32}{La importancia del AGN en los modelos de formación de galaxias}{chapter.31}% 19
\BOOKMARK [1][-]{section.36}{Masas de la BCG en función de la apertura}{chapter.31}% 20
\BOOKMARK [1][-]{section.39}{BCGs\040z=0}{chapter.31}% 21
\BOOKMARK [1][-]{section.43}{Relaciones Masa-Masa Cúmulo}{chapter.31}% 22
\BOOKMARK [1][-]{section.47}{Masas\040de\040las\040BCGs\040a\040distintos\040z}{chapter.31}% 23
\BOOKMARK [1][-]{section.50}{evolucion\040en\040masa}{chapter.31}% 24
\BOOKMARK [1][-]{section.57}{evolucion\040en\040perfiles}{chapter.31}% 25
\BOOKMARK [1][-]{section.60}{edades\040y\040metalicidades}{chapter.31}% 26
\BOOKMARK [1][-]{section.64}{influencia\040del\040polvo.\040Solo\040a\040z=3\040para\040algun\040dusty\040case}{chapter.31}% 27
\BOOKMARK [1][-]{section.70}{Estabilidad\040a\040High\040Resolution}{chapter.31}% 28
\BOOKMARK [1][-]{section.74}{Relaciones\040de\040Escala}{chapter.31}% 29
\BOOKMARK [0][-]{chapter.79}{Conclusiones}{}% 30
\BOOKMARK [0][-]{appendix.80}{Frequently\040Asked\040Questions}{}% 31
\BOOKMARK [1][-]{section.81}{How\040do\040I\040change\040the\040colors\040of\040links?}{appendix.80}% 32
